<?xml version="1.0" encoding="UTF-8"?>
<!-- Generated by org.testng.reporters.JUnitReportReporter -->
<testsuite skipped="0" hostname="OWNMUM-49272" name="TestClasses.LoginTest" tests="1" failures="0" timestamp="2022-09-11T11:07:54 IST" time="296.382" errors="0">
  <testcase name="Test1" time="296.382" classname="TestClasses.LoginTest"/>
  <system-out/>
</testsuite> <!-- TestClasses.LoginTest -->
