<?xml version="1.0" encoding="UTF-8"?>
<!-- Generated by org.testng.reporters.JUnitReportReporter -->
<testsuite skipped="0" hostname="OWNMUM-49272" name="TestClasses.HomeTest" tests="1" failures="0" timestamp="2022-09-11T09:27:17 IST" time="24.693" errors="0">
  <testcase name="Test2" time="24.693" classname="TestClasses.HomeTest"/>
  <system-out/>
</testsuite> <!-- TestClasses.HomeTest -->
